<?xml version="1.0" encoding="UTF-8"?>
<!-- Generated by org.testng.reporters.JUnitXMLReporter -->
<testsuite ignored="0" hostname="LAPTOP-52IM29O2" failures="0" tests="4" name="Test" time="455.098" errors="0" timestamp="12 Mar 2021 05:33:43 GMT">
  <testcase classname="com.scripts.mavencrm.loginlogout" name="loginandlogout" time="0.013"/>
  <testcase classname="com.scripts.mavencrm.createcampaign" name="newcampaign" time="85.795"/>
  <testcase classname="com.scripts.mavencrm.editcampaign" name="editcampaigns" time="116.137"/>
  <testcase classname="com.scripts.mavencrm.campaignpotentialintegration" name="campaignpotential" time="92.268"/>
</testsuite> <!-- Test -->
