<?xml version="1.0" encoding="UTF-8"?>
<!-- Generated by org.testng.reporters.JUnitXMLReporter -->
<testsuite ignored="0" hostname="LAPTOP-52IM29O2" failures="0" tests="3" name="Test" time="199.704" errors="0" timestamp="11 Mar 2021 07:49:14 GMT">
  <testcase classname="com.scripts.mavencrm.loginlogout" name="loginandlogout" time="0.025"/>
  <testcase classname="com.scripts.mavencrm.createcampaign" name="newcampaign" time="20.913"/>
  <testcase classname="com.scripts.mavencrm.editcampaign" name="editcampaigns" time="21.92"/>
</testsuite> <!-- Test -->
