<?xml version="1.0" encoding="UTF-8"?>
<testng-results ignored="0" total="1" passed="1" failed="0" skipped="0">
  <reporter-output>
  </reporter-output>
  <suite started-at="2021-03-08T17:47:34Z" name="Suite" finished-at="2021-03-08T17:48:55Z" duration-ms="80952">
    <groups>
    </groups>
    <test started-at="2021-03-08T17:47:34Z" name="Test" finished-at="2021-03-08T17:48:55Z" duration-ms="80952">
      <class name="com.scripts.mavencrm.loginlogout">
        <test-method is-config="true" signature="openbrowser()[pri:0, instance:com.scripts.mavencrm.loginlogout@4b5d6a01]" started-at="2021-03-08T17:47:34Z" name="openbrowser" finished-at="2021-03-08T17:48:35Z" duration-ms="60147" status="PASS">
          <reporter-output>
          </reporter-output>
        </test-method> <!-- openbrowser -->
        <test-method is-config="true" signature="login()[pri:0, instance:com.scripts.mavencrm.loginlogout@4b5d6a01]" started-at="2021-03-08T17:48:35Z" name="login" finished-at="2021-03-08T17:48:50Z" duration-ms="15019" status="PASS">
          <reporter-output>
          </reporter-output>
        </test-method> <!-- login -->
        <test-method signature="loginandlogout()[pri:0, instance:com.scripts.mavencrm.loginlogout@4b5d6a01]" started-at="2021-03-08T17:48:50Z" name="loginandlogout" finished-at="2021-03-08T17:48:50Z" duration-ms="37" status="PASS">
          <reporter-output>
          </reporter-output>
        </test-method> <!-- loginandlogout -->
        <test-method is-config="true" signature="logout()[pri:0, instance:com.scripts.mavencrm.loginlogout@4b5d6a01]" started-at="2021-03-08T17:48:50Z" name="logout" finished-at="2021-03-08T17:48:52Z" duration-ms="2166" status="PASS">
          <reporter-output>
          </reporter-output>
        </test-method> <!-- logout -->
        <test-method is-config="true" signature="closebrowser()[pri:0, instance:com.scripts.mavencrm.loginlogout@4b5d6a01]" started-at="2021-03-08T17:48:52Z" name="closebrowser" finished-at="2021-03-08T17:48:55Z" duration-ms="3187" status="PASS">
          <reporter-output>
          </reporter-output>
        </test-method> <!-- closebrowser -->
      </class> <!-- com.scripts.mavencrm.loginlogout -->
    </test> <!-- Test -->
  </suite> <!-- Suite -->
</testng-results>
